<?xml version="1.0" encoding="UTF-8"?>
<!-- Generated by org.testng.reporters.JUnitReportReporter -->
<testsuite hostname="DESKTOP-SBESDHB" failures="0" tests="1" name="testCases.TC002_LoginTest" time="2.345" errors="0" timestamp="2025-04-04T14:55:21 IST" skipped="0">
  <testcase classname="testCases.TC002_LoginTest" name="verify_login" time="2.345"/>
</testsuite> <!-- testCases.TC002_LoginTest -->
