<?xml version="1.0" encoding="UTF-8"?>
<!-- Generated by org.testng.reporters.JUnitReportReporter -->
<testsuite hostname="DESKTOP-SBESDHB" failures="0" tests="1" name="testCases.TC002_LoginTest" time="2.227" errors="0" timestamp="2025-04-06T13:05:27 IST" skipped="0">
  <testcase classname="testCases.TC002_LoginTest" name="verify_login" time="2.227"/>
</testsuite> <!-- testCases.TC002_LoginTest -->
