<?xml version="1.0" encoding="UTF-8"?>
<!-- Generated by org.testng.reporters.JUnitReportReporter -->
<testsuite hostname="DESKTOP-SBESDHB" failures="0" tests="1" name="testCases.TC002_LoginTest" time="1.741" errors="0" timestamp="2025-04-05T12:40:40 IST" skipped="0">
  <testcase classname="testCases.TC002_LoginTest" name="verify_login" time="1.741"/>
</testsuite> <!-- testCases.TC002_LoginTest -->
