<?xml version="1.0" encoding="UTF-8"?>
<!-- Generated by org.testng.reporters.JUnitReportReporter -->
<testsuite hostname="DESKTOP-SBESDHB" failures="0" tests="2" name="testCases.TC001_AccountRegistrationTest" time="7.157" errors="0" timestamp="2025-04-06T13:21:19 IST" skipped="0">
  <testcase classname="testCases.TC001_AccountRegistrationTest" name="verify_account_registration" time="3.669"/>
  <testcase classname="testCases.TC001_AccountRegistrationTest" name="verify_account_registration" time="3.488"/>
</testsuite> <!-- testCases.TC001_AccountRegistrationTest -->
