<?xml version="1.0" encoding="UTF-8"?>
<!-- Generated by org.testng.reporters.JUnitReportReporter -->
<testsuite hostname="DESKTOP-SBESDHB" failures="0" tests="2" name="testCases.TC002_LoginTest" time="4.913" errors="0" timestamp="2025-04-06T13:21:19 IST" skipped="0">
  <testcase classname="testCases.TC002_LoginTest" name="verify_login" time="2.498"/>
  <testcase classname="testCases.TC002_LoginTest" name="verify_login" time="2.415"/>
</testsuite> <!-- testCases.TC002_LoginTest -->
